<?xml version="1.0" encoding="UTF-8"?>
<!-- Generated by org.testng.reporters.JUnitXMLReporter -->
<testsuite hostname="L-PF0VLQ2Y" name="Default test" tests="3" failures="0" timestamp="24 Feb 2019 19:43:50 GMT" time="0.03" errors="0">
  <testcase name="testCase1" time="0.006" classname="TestNGDemoNike.HomePage"/>
  <testcase name="testCase2" time="0.002" classname="TestNGDemoNike.HomePage"/>
  <testcase name="testCase3" time="0.002" classname="TestNGDemoNike.HomePage"/>
</testsuite> <!-- Default test -->
