<?xml version="1.0" encoding="UTF-8"?>
<testng-results skipped="0" failed="0" total="1" passed="1">
  <reporter-output>
  </reporter-output>
  <suite name="MyFirstTest" duration-ms="9706" started-at="2019-02-25T20:56:41Z" finished-at="2019-02-25T20:56:51Z">
    <groups>
    </groups>
    <test name="New Test - Base Test1" duration-ms="9706" started-at="2019-02-25T20:56:41Z" finished-at="2019-02-25T20:56:51Z">
      <class name="TestNGDemoNike.BaseClass">
        <test-method status="PASS" signature="testNGDemo(java.lang.String, java.lang.String, java.lang.String)[pri:0, instance:TestNGDemoNike.BaseClass@124409e]" name="testNGDemo" duration-ms="9687" started-at="2019-02-25T15:56:41Z" finished-at="2019-02-25T15:56:51Z">
          <params>
            <param index="0">
              <value>
                <![CDATA[chrome]]>
              </value>
            </param>
            <param index="1">
              <value>
                <![CDATA[http://www.google.com]]>
              </value>
            </param>
            <param index="2">
              <value>
                <![CDATA[Ramanna.satyaph@gmail.com]]>
              </value>
            </param>
          </params>
          <reporter-output>
          </reporter-output>
        </test-method> <!-- testNGDemo -->
      </class> <!-- TestNGDemoNike.BaseClass -->
    </test> <!-- New Test - Base Test1 -->
  </suite> <!-- MyFirstTest -->
</testng-results>
